-1.6
-encoding
utf-8
-showWeaveInfo
-source
1.6
-target
1.6
-verbose
-classpath
E:\maven\repository\junit\junit\4.11\junit-4.11.jar;E:\maven\repository\org\aspectj\aspectjrt\1.7.3\aspectjrt-1.7.3.jar;E:\maven\repository\org\aspectj\aspectjtools\1.7.3\aspectjtools-1.7.3.jar;E:\workspaces\Java\workspace_INTERTRUST\AspectualKnowledge\target\classes
-d
E:\workspaces\Java\workspace_INTERTRUST\AspectualKnowledge\target\classes
E:\workspaces\Java\workspace_INTERTRUST\AspectualKnowledge\src\main\java\uma\caosd\AspectualKnowledge\AdaptationPlan.java
E:\workspaces\Java\workspace_INTERTRUST\AspectualKnowledge\src\main\java\uma\caosd\AspectualKnowledge\ADD.java
E:\workspaces\Java\workspace_INTERTRUST\AspectualKnowledge\src\main\java\uma\caosd\AspectualKnowledge\Advice.java
E:\workspaces\Java\workspace_INTERTRUST\AspectualKnowledge\src\main\java\uma\caosd\AspectualKnowledge\AdviceCategory.java
E:\workspaces\Java\workspace_INTERTRUST\AspectualKnowledge\src\main\java\uma\caosd\AspectualKnowledge\Advices.java
E:\workspaces\Java\workspace_INTERTRUST\AspectualKnowledge\src\main\java\uma\caosd\AspectualKnowledge\Advisor.java
E:\workspaces\Java\workspace_INTERTRUST\AspectualKnowledge\src\main\java\uma\caosd\AspectualKnowledge\AdvisorCategory.java
E:\workspaces\Java\workspace_INTERTRUST\AspectualKnowledge\src\main\java\uma\caosd\AspectualKnowledge\AdvisorConfiguration.java
E:\workspaces\Java\workspace_INTERTRUST\AspectualKnowledge\src\main\java\uma\caosd\AspectualKnowledge\Advisors.java
E:\workspaces\Java\workspace_INTERTRUST\AspectualKnowledge\src\main\java\uma\caosd\AspectualKnowledge\AOPType.java
E:\workspaces\Java\workspace_INTERTRUST\AspectualKnowledge\src\main\java\uma\caosd\AspectualKnowledge\AspectualKnowledge.java
E:\workspaces\Java\workspace_INTERTRUST\AspectualKnowledge\src\main\java\uma\caosd\AspectualKnowledge\Configuration.java
E:\workspaces\Java\workspace_INTERTRUST\AspectualKnowledge\src\main\java\uma\caosd\AspectualKnowledge\ConfigurationParameters.java
E:\workspaces\Java\workspace_INTERTRUST\AspectualKnowledge\src\main\java\uma\caosd\AspectualKnowledge\CONFIGURE.java
E:\workspaces\Java\workspace_INTERTRUST\AspectualKnowledge\src\main\java\uma\caosd\AspectualKnowledge\DynamicAspects\AdvisorsRepository.java
E:\workspaces\Java\workspace_INTERTRUST\AspectualKnowledge\src\main\java\uma\caosd\AspectualKnowledge\DynamicAspects\DynamicAspect.java
E:\workspaces\Java\workspace_INTERTRUST\AspectualKnowledge\src\main\java\uma\caosd\AspectualKnowledge\DynamicAspects\DynamicRepository.java
E:\workspaces\Java\workspace_INTERTRUST\AspectualKnowledge\src\main\java\uma\caosd\AspectualKnowledge\DynamicAspects\DynamicWeaver.java
E:\workspaces\Java\workspace_INTERTRUST\AspectualKnowledge\src\main\java\uma\caosd\AspectualKnowledge\DynamicAspects\SerializableAspect.aj
E:\workspaces\Java\workspace_INTERTRUST\AspectualKnowledge\src\main\java\uma\caosd\AspectualKnowledge\DynamicAspects\StatusAspect.java
E:\workspaces\Java\workspace_INTERTRUST\AspectualKnowledge\src\main\java\uma\caosd\AspectualKnowledge\DynamicAspects\UsersAdvisorsRepository.java
E:\workspaces\Java\workspace_INTERTRUST\AspectualKnowledge\src\main\java\uma\caosd\AspectualKnowledge\Functionalities.java
E:\workspaces\Java\workspace_INTERTRUST\AspectualKnowledge\src\main\java\uma\caosd\AspectualKnowledge\Functionality.java
E:\workspaces\Java\workspace_INTERTRUST\AspectualKnowledge\src\main\java\uma\caosd\AspectualKnowledge\Instance.java
E:\workspaces\Java\workspace_INTERTRUST\AspectualKnowledge\src\main\java\uma\caosd\AspectualKnowledge\ObjectFactory.java
E:\workspaces\Java\workspace_INTERTRUST\AspectualKnowledge\src\main\java\uma\caosd\AspectualKnowledge\package-info.java
E:\workspaces\Java\workspace_INTERTRUST\AspectualKnowledge\src\main\java\uma\caosd\AspectualKnowledge\Parameter.java
E:\workspaces\Java\workspace_INTERTRUST\AspectualKnowledge\src\main\java\uma\caosd\AspectualKnowledge\Pointcut.java
E:\workspaces\Java\workspace_INTERTRUST\AspectualKnowledge\src\main\java\uma\caosd\AspectualKnowledge\Pointcuts.java
E:\workspaces\Java\workspace_INTERTRUST\AspectualKnowledge\src\main\java\uma\caosd\AspectualKnowledge\REMOVE.java
